<?xml version="1.0" encoding="UTF-8" ?>
<testsuite tests="1" failures="0" name="database.RegistrationDB_UTest" time="0.006" errors="1" skipped="0">
  <properties>
[...]
</properties>
  <testcase classname="database.RegistrationDB_UTest" name="initializationError" time="0.006">
    <error message="Failed to transform class with name main.database.PersonDatabase. Reason: Cannot read field &quot;string&quot; because &quot;utf&quot; is null" type="java.lang.IllegalStateException">java.lang.IllegalStateException: Failed to transform class with name main.database.PersonDatabase. Reason: Cannot read field &quot;string&quot; because &quot;utf&quot; is null
	at org.powermock.core.classloader.javassist.JavassistMockClassLoader.defineAndTransformClass(JavassistMockClassLoader.java:119)
	at org.powermock.core.classloader.MockClassLoader.loadMockClass(MockClassLoader.java:174)
	at org.powermock.core.classloader.MockClassLoader.loadClassByThisClassLoader(MockClassLoader.java:102)
	at org.powermock.core.classloader.DeferSupportingClassLoader.loadClass1(DeferSupportingClassLoader.java:147)
	at org.powermock.core.classloader.DeferSupportingClassLoader.loadClass(DeferSupportingClassLoader.java:98)
	at java.base/java.lang.ClassLoader.loadClass(ClassLoader.java:526)
	at java.base/java.lang.Class.getDeclaredMethods0(Native Method)
	at java.base/java.lang.Class.privateGetDeclaredMethods(Class.java:3578)
	at java.base/java.lang.Class.privateGetPublicMethods(Class.java:3603)
	at java.base/java.lang.Class.getMethods(Class.java:2185)
	at org.powermock.modules.junit4.internal.impl.PowerMockJUnit44RunnerDelegateImpl.getTestMethods(PowerMockJUnit44RunnerDelegateImpl.java:109)
	at org.powermock.modules.junit4.internal.impl.PowerMockJUnit44RunnerDelegateImpl.&lt;init&gt;(PowerMockJUnit44RunnerDelegateImpl.java:85)
	at org.powermock.modules.junit4.internal.impl.PowerMockJUnit47RunnerDelegateImpl.&lt;init&gt;(PowerMockJUnit47RunnerDelegateImpl.java:42)
	at org.powermock.modules.junit4.internal.impl.PowerMockJUnit49RunnerDelegateImpl.&lt;init&gt;(PowerMockJUnit49RunnerDelegateImpl.java:25)
	at java.base/jdk.internal.reflect.DirectConstructorHandleAccessor.newInstance(DirectConstructorHandleAccessor.java:62)
	at java.base/java.lang.reflect.Constructor.newInstanceWithCaller(Constructor.java:502)
	at java.base/java.lang.reflect.Constructor.newInstance(Constructor.java:486)
	at org.powermock.modules.junit4.common.internal.impl.JUnit4TestSuiteChunkerImpl.createDelegatorFromClassloader(JUnit4TestSuiteChunkerImpl.java:165)
	at org.powermock.modules.junit4.common.internal.impl.JUnit4TestSuiteChunkerImpl.createDelegatorFromClassloader(JUnit4TestSuiteChunkerImpl.java:47)
	at org.powermock.tests.utils.impl.AbstractTestSuiteChunkerImpl.createTestDelegators(AbstractTestSuiteChunkerImpl.java:107)
	at org.powermock.modules.junit4.common.internal.impl.JUnit4TestSuiteChunkerImpl.&lt;init&gt;(JUnit4TestSuiteChunkerImpl.java:69)
	at org.powermock.modules.junit4.common.internal.impl.AbstractCommonPowerMockRunner.&lt;init&gt;(AbstractCommonPowerMockRunner.java:36)
	at org.powermock.modules.junit4.PowerMockRunner.&lt;init&gt;(PowerMockRunner.java:34)
	at java.base/jdk.internal.reflect.DirectConstructorHandleAccessor.newInstance(DirectConstructorHandleAccessor.java:62)
	at java.base/java.lang.reflect.Constructor.newInstanceWithCaller(Constructor.java:502)
	at java.base/java.lang.reflect.Constructor.newInstance(Constructor.java:486)
	at org.junit.internal.builders.AnnotatedBuilder.buildRunner(AnnotatedBuilder.java:104)
	at org.junit.internal.builders.AnnotatedBuilder.runnerForClass(AnnotatedBuilder.java:86)
	at org.junit.runners.model.RunnerBuilder.safeRunnerForClass(RunnerBuilder.java:70)
	at org.junit.internal.builders.AllDefaultPossibilitiesBuilder.runnerForClass(AllDefaultPossibilitiesBuilder.java:37)
	at org.junit.runners.model.RunnerBuilder.safeRunnerForClass(RunnerBuilder.java:70)
	at org.junit.internal.requests.ClassRequest.createRunner(ClassRequest.java:28)
	at org.junit.internal.requests.MemoizingRequest.getRunner(MemoizingRequest.java:19)
	at org.apache.maven.surefire.junit4.JUnit4Provider.execute(JUnit4Provider.java:250)
	at org.apache.maven.surefire.junit4.JUnit4Provider.executeTestSet(JUnit4Provider.java:141)
	at org.apache.maven.surefire.junit4.JUnit4Provider.invoke(JUnit4Provider.java:112)
	at java.base/jdk.internal.reflect.DirectMethodHandleAccessor.invoke(DirectMethodHandleAccessor.java:103)
	at java.base/java.lang.reflect.Method.invoke(Method.java:580)
	at org.apache.maven.surefire.util.ReflectionUtils.invokeMethodWithArray(ReflectionUtils.java:189)
	at org.apache.maven.surefire.booter.ProviderFactory$ProviderProxy.invoke(ProviderFactory.java:165)
	at org.apache.maven.surefire.booter.ProviderFactory.invokeProvider(ProviderFactory.java:85)
	at org.apache.maven.surefire.booter.ForkedBooter.runSuitesInProcess(ForkedBooter.java:115)
	at org.apache.maven.surefire.booter.ForkedBooter.main(ForkedBooter.java:75)
Caused by: java.lang.NullPointerException: Cannot read field &quot;string&quot; because &quot;utf&quot; is null
	at javassist.bytecode.ConstPool.getUtf8Info(ConstPool.java:675)
	at javassist.bytecode.MethodParametersAttribute.copy(MethodParametersAttribute.java:82)
	at javassist.bytecode.AttributeInfo.copyAll(AttributeInfo.java:249)
	at javassist.bytecode.MethodInfo.compact(MethodInfo.java:157)
	at javassist.bytecode.ClassFile.compact(ClassFile.java:242)
	at javassist.CtClassType.toBytecode(CtClassType.java:1570)
	at javassist.CtClass.toBytecode(CtClass.java:1519)
	at org.powermock.core.classloader.javassist.JavassistMockClassLoader.defineAndTransformClass(JavassistMockClassLoader.java:117)
	... 42 more
</error>
  </testcase>
</testsuite>